<?xml version="1.0" encoding="UTF-8"?>
<testsuite name="petstore.Pet" tests="4" skipped="0" failures="0" errors="0" timestamp="2021-08-13T01:05:03" hostname="DESKTOP-CU4KNEF" time="6.16">
  <properties/>
  <testcase name="incluirPet" classname="petstore.Pet" time="2.997"/>
  <testcase name="consultarPet" classname="petstore.Pet" time="1.073"/>
  <testcase name="alterarPet" classname="petstore.Pet" time="1.053"/>
  <testcase name="excluirPedido" classname="petstore.Pet" time="1.031"/>
  <system-out><![CDATA[Request method:	POST
Request URI:	https://petstore.swagger.io/v2/pet
Proxy:			<none>
Request params:	<none>
Query params:	<none>
Form params:	<none>
Path params:	<none>
Headers:		Accept=*/*
				Content-Type=application/json; charset=UTF-8
Cookies:		<none>
Multiparts:		<none>
Body:
{
    "id": 156565692,
    "category": {
        "id": 66,
        "name": "dog"
    },
    "name": "Narcejo",
    "photoUrls": [
        "string"
    ],
    "tags": [
        {
            "id": 2021,
            "name": "sta"
        }
    ],
    "status": "available"
}
HTTP/1.1 200 OK
Date: Fri, 13 Aug 2021 01:05:05 GMT
Content-Type: application/json
Transfer-Encoding: chunked
Connection: keep-alive
Access-Control-Allow-Origin: *
Access-Control-Allow-Methods: GET, POST, DELETE, PUT
Access-Control-Allow-Headers: Content-Type, api_key, Authorization
Server: Jetty(9.2.9.v20150224)

{
    "id": 156565692,
    "category": {
        "id": 66,
        "name": "dog"
    },
    "name": "Narcejo",
    "photoUrls": [
        "string"
    ],
    "tags": [
        {
            "id": 2021,
            "name": "sta"
        }
    ],
    "status": "available"
}
Request method:	GET
Request URI:	https://petstore.swagger.io/v2/pet/156565692
Proxy:			<none>
Request params:	<none>
Query params:	<none>
Form params:	<none>
Path params:	<none>
Headers:		Accept=*/*
				Content-Type=application/json; charset=UTF-8
Cookies:		<none>
Multiparts:		<none>
Body:			<none>
HTTP/1.1 200 OK
Date: Fri, 13 Aug 2021 01:05:07 GMT
Content-Type: application/json
Transfer-Encoding: chunked
Connection: keep-alive
Access-Control-Allow-Origin: *
Access-Control-Allow-Methods: GET, POST, DELETE, PUT
Access-Control-Allow-Headers: Content-Type, api_key, Authorization
Server: Jetty(9.2.9.v20150224)

{
    "id": 156565692,
    "category": {
        "id": 66,
        "name": "dog"
    },
    "name": "Narcejo",
    "photoUrls": [
        "string"
    ],
    "tags": [
        {
            "id": 2021,
            "name": "sta"
        }
    ],
    "status": "available"
}
O token é dog
Request method:	PUT
Request URI:	https://petstore.swagger.io/v2/pet
Proxy:			<none>
Request params:	<none>
Query params:	<none>
Form params:	<none>
Path params:	<none>
Headers:		Accept=*/*
				Content-Type=application/json; charset=UTF-8
Cookies:		<none>
Multiparts:		<none>
Body:
{
    "id": 156565692,
    "category": {
        "id": 66,
        "name": "dog"
    },
    "name": "Nana",
    "photoUrls": [
        "string"
    ],
    "tags": [
        {
            "id": 2021,
            "name": "sta"
        }
    ],
    "status": "sold"
}
HTTP/1.1 200 OK
Date: Fri, 13 Aug 2021 01:05:08 GMT
Content-Type: application/json
Transfer-Encoding: chunked
Connection: keep-alive
Access-Control-Allow-Origin: *
Access-Control-Allow-Methods: GET, POST, DELETE, PUT
Access-Control-Allow-Headers: Content-Type, api_key, Authorization
Server: Jetty(9.2.9.v20150224)

{
    "id": 156565692,
    "category": {
        "id": 66,
        "name": "dog"
    },
    "name": "Nana",
    "photoUrls": [
        "string"
    ],
    "tags": [
        {
            "id": 2021,
            "name": "sta"
        }
    ],
    "status": "sold"
}
Request method:	DELETE
Request URI:	https://petstore.swagger.io/v2/pet/156565692
Proxy:			<none>
Request params:	<none>
Query params:	<none>
Form params:	<none>
Path params:	<none>
Headers:		Accept=*/*
				Content-Type=application/json; charset=UTF-8
Cookies:		<none>
Multiparts:		<none>
Body:			<none>
HTTP/1.1 200 OK
Date: Fri, 13 Aug 2021 01:05:09 GMT
Content-Type: application/json
Transfer-Encoding: chunked
Connection: keep-alive
Access-Control-Allow-Origin: *
Access-Control-Allow-Methods: GET, POST, DELETE, PUT
Access-Control-Allow-Headers: Content-Type, api_key, Authorization
Server: Jetty(9.2.9.v20150224)

{
    "code": 200,
    "type": "unknown",
    "message": "156565692"
}
]]></system-out>
  <system-err><![CDATA[]]></system-err>
</testsuite>
